Using pre-set license
Built from '2020.3/staging' branch; Version is '2020.3.24f1 (79c78de19888) revision 7980941'; Using compiler version '192528614'; Build Type 'Release'
OS: 'Windows 10  (10.0.19043) 64bit Professional' Language: 'en' Physical Memory: 8143 MB
BatchMode: 1, IsHumanControllingUs: 0, StartBugReporterOnCrash: 0, Is64bit: 1, IsPro: 0

COMMAND LINE ARGUMENTS:
D:\Program Files\Unity Hub\2020.3.24f1\Editor\Unity.exe
-adb2
-batchMode
-noUpm
-name
AssetImportWorker0
-projectPath
E:/dev/ar/FaceRec
-logFile
Logs/AssetImportWorker0.log
-srvPort
50933
Successfully changed project path to: E:/dev/ar/FaceRec
E:/dev/ar/FaceRec
Using Asset Import Pipeline V2.
Refreshing native plugins compatible for Editor in 120.93 ms, found 3 plugins.
Preloading 0 native plugins for Editor in 0.00 ms.
Initialize engine version: 2020.3.24f1 (79c78de19888)
[Subsystems] Discovering subsystems at path D:/Program Files/Unity Hub/2020.3.24f1/Editor/Data/Resources/UnitySubsystems
[Subsystems] Discovering subsystems at path E:/dev/ar/FaceRec/Assets
GfxDevice: creating device client; threaded=0
Direct3D:
    Version:  Direct3D 11.0 [level 11.0]
    Renderer: NVIDIA GeForce GT 710 (ID=0x128b)
    Vendor:   
    VRAM:     2007 MB
    Driver:   27.21.14.5671
Initialize mono
Mono path[0] = 'D:/Program Files/Unity Hub/2020.3.24f1/Editor/Data/Managed'
Mono path[1] = 'D:/Program Files/Unity Hub/2020.3.24f1/Editor/Data/MonoBleedingEdge/lib/mono/unityjit'
Mono config path = 'D:/Program Files/Unity Hub/2020.3.24f1/Editor/Data/MonoBleedingEdge/etc'
Using monoOptions --debugger-agent=transport=dt_socket,embedding=1,server=y,suspend=n,address=127.0.0.1:56840
Begin MonoManager ReloadAssembly
Registering precompiled unity dll's ...
Register platform support module: D:/Program Files/Unity Hub/2020.3.24f1/Editor/Data/PlaybackEngines/WindowsStandaloneSupport/UnityEditor.WindowsStandalone.Extensions.dll
Registered in 0.045701 seconds.
Native extension for WindowsStandalone target not found
Refreshing native plugins compatible for Editor in 34.32 ms, found 3 plugins.
Preloading 0 native plugins for Editor in 0.00 ms.
Mono: successfully reloaded assembly
- Completed reload, in  0.581 seconds
Domain Reload Profiling:
	ReloadAssembly (581ms)
		BeginReloadAssembly (47ms)
			ExecutionOrderSort (0ms)
			DisableScriptedObjects (0ms)
			BackupInstance (0ms)
			ReleaseScriptingObjects (0ms)
			CreateAndSetChildDomain (1ms)
		EndReloadAssembly (425ms)
			LoadAssemblies (46ms)
			RebuildTransferFunctionScriptingTraits (0ms)
			SetupTypeCache (142ms)
			ReleaseScriptCaches (0ms)
			RebuildScriptCaches (27ms)
			SetupLoadedEditorAssemblies (156ms)
				LogAssemblyErrors (0ms)
				InitializePlatformSupportModulesInManaged (4ms)
				SetLoadedEditorAssemblies (0ms)
				RefreshPlugins (34ms)
				BeforeProcessingInitializeOnLoad (16ms)
				ProcessInitializeOnLoadAttributes (72ms)
				ProcessInitializeOnLoadMethodAttributes (28ms)
				AfterProcessingInitializeOnLoad (0ms)
				EditorAssembliesLoaded (0ms)
			ExecutionOrderSort2 (0ms)
			AwakeInstancesAfterBackupRestoration (0ms)
Platform modules already initialized, skipping
Registering precompiled user dll's ...
Registered in 0.184773 seconds.
Begin MonoManager ReloadAssembly
Native extension for WindowsStandalone target not found
Refreshing native plugins compatible for Editor in 0.61 ms, found 3 plugins.
Preloading 0 native plugins for Editor in 0.00 ms.
Mono: successfully reloaded assembly
- Completed reload, in  2.626 seconds
Domain Reload Profiling:
	ReloadAssembly (2627ms)
		BeginReloadAssembly (126ms)
			ExecutionOrderSort (0ms)
			DisableScriptedObjects (4ms)
			BackupInstance (0ms)
			ReleaseScriptingObjects (0ms)
			CreateAndSetChildDomain (18ms)
		EndReloadAssembly (2447ms)
			LoadAssemblies (1688ms)
			RebuildTransferFunctionScriptingTraits (0ms)
			SetupTypeCache (259ms)
			ReleaseScriptCaches (1ms)
			RebuildScriptCaches (48ms)
			SetupLoadedEditorAssemblies (362ms)
				LogAssemblyErrors (0ms)
				InitializePlatformSupportModulesInManaged (4ms)
				SetLoadedEditorAssemblies (0ms)
				RefreshPlugins (1ms)
				BeforeProcessingInitializeOnLoad (75ms)
				ProcessInitializeOnLoadAttributes (217ms)
				ProcessInitializeOnLoadMethodAttributes (61ms)
				AfterProcessingInitializeOnLoad (4ms)
				EditorAssembliesLoaded (0ms)
			ExecutionOrderSort2 (0ms)
			AwakeInstancesAfterBackupRestoration (6ms)
Platform modules already initialized, skipping
========================================================================
Worker process is ready to serve import requests
Launched and connected shader compiler UnityShaderCompiler.exe after 0.27 seconds
Refreshing native plugins compatible for Editor in 0.60 ms, found 3 plugins.
Preloading 0 native plugins for Editor in 0.00 ms.
Unloading 1872 Unused Serialized files (Serialized files now loaded: 0)
System memory in use before: 79.8 MB.
System memory in use after: 79.9 MB.

Unloading 32 unused Assets to reduce memory usage. Loaded Objects now: 2294.
Total: 3.682800 ms (FindLiveObjects: 0.362000 ms CreateObjectMapping: 0.075000 ms MarkObjects: 3.157700 ms  DeleteObjects: 0.085600 ms)

AssetImportParameters requested are different than current active one (requested -> active):
  custom:framework-win-MediaFoundation: 216162199b28c13a410421893ffa2e32 -> 
  custom:video-decoder-ogg-theora: a1e56fd34408186e4bbccfd4996cb3dc -> 
  custom:container-muxer-webm: aa71ff27fc2769a1b78a27578f13a17b -> 
  custom:container-demuxer-webm: 4f35f7cbe854078d1ac9338744f61a02 -> 
  custom:container-demuxer-ogg: 62fdf1f143b41e24485cea50d1cbac27 -> 
  custom:video-encoder-webm-vp8: eb34c28f22e8b96e1ab97ce403110664 -> 
  custom:video-decoder-webm-vp8: 9c59270c3fd7afecdb556c50c9e8de78 -> 
  custom:audio-decoder-ogg-vorbis: bf7c407c2cedff20999df2af8eb42d56 -> 
  custom:audio-encoder-webm-vorbis: bf7c407c2cedff20999df2af8eb42d56 -> 
========================================================================
Received Import Request.
  path: Assets/Scenes/Face.unity
  artifactKey: Guid(2f13690865ad2674486bddeb638d8c53) Importer(815301076,1909f56bfc062723c751e8b465ee728b)
Start importing Assets/Scenes/Face.unity using Guid(2f13690865ad2674486bddeb638d8c53) Importer(815301076,1909f56bfc062723c751e8b465ee728b)  -> (artifact id: '9ed772b2a92bcc9794de527b2bff2a44') in 0.031824 seconds 
  Import took 0.068046 seconds .

========================================================================
Received Prepare
Registering precompiled user dll's ...
Registered in 0.004561 seconds.
Begin MonoManager ReloadAssembly
Native extension for WindowsStandalone target not found
Refreshing native plugins compatible for Editor in 0.65 ms, found 3 plugins.
Preloading 0 native plugins for Editor in 0.00 ms.
Mono: successfully reloaded assembly
- Completed reload, in  1.112 seconds
Domain Reload Profiling:
	ReloadAssembly (1113ms)
		BeginReloadAssembly (121ms)
			ExecutionOrderSort (0ms)
			DisableScriptedObjects (5ms)
			BackupInstance (0ms)
			ReleaseScriptingObjects (0ms)
			CreateAndSetChildDomain (40ms)
		EndReloadAssembly (912ms)
			LoadAssemblies (98ms)
			RebuildTransferFunctionScriptingTraits (0ms)
			SetupTypeCache (306ms)
			ReleaseScriptCaches (1ms)
			RebuildScriptCaches (43ms)
			SetupLoadedEditorAssemblies (364ms)
				LogAssemblyErrors (0ms)
				InitializePlatformSupportModulesInManaged (7ms)
				SetLoadedEditorAssemblies (0ms)
				RefreshPlugins (1ms)
				BeforeProcessingInitializeOnLoad (88ms)
				ProcessInitializeOnLoadAttributes (252ms)
				ProcessInitializeOnLoadMethodAttributes (11ms)
				AfterProcessingInitializeOnLoad (4ms)
				EditorAssembliesLoaded (0ms)
			ExecutionOrderSort2 (0ms)
			AwakeInstancesAfterBackupRestoration (8ms)
Platform modules already initialized, skipping
Switching build target platform(19) subTarget(0) extendedPlatform(0) -> platform(13) subTarget(524288) extendedPlatform(0)
Refreshing native plugins compatible for Editor in 0.71 ms, found 3 plugins.
Preloading 0 native plugins for Editor in 0.00 ms.
Unloading 1863 Unused Serialized files (Serialized files now loaded: 0)
System memory in use before: 79.1 MB.
System memory in use after: 79.2 MB.

Unloading 27 unused Assets to reduce memory usage. Loaded Objects now: 2297.
Total: 3.224600 ms (FindLiveObjects: 0.300200 ms CreateObjectMapping: 0.053300 ms MarkObjects: 2.844700 ms  DeleteObjects: 0.024900 ms)

AssetImportParameters requested are different than current active one (requested -> active):
  custom:framework-win-MediaFoundation: 216162199b28c13a410421893ffa2e32 -> 
  custom:video-decoder-ogg-theora: a1e56fd34408186e4bbccfd4996cb3dc -> 
  custom:container-muxer-webm: aa71ff27fc2769a1b78a27578f13a17b -> 
  custom:container-demuxer-webm: 4f35f7cbe854078d1ac9338744f61a02 -> 
  custom:container-demuxer-ogg: 62fdf1f143b41e24485cea50d1cbac27 -> 
  custom:video-encoder-webm-vp8: eb34c28f22e8b96e1ab97ce403110664 -> 
  custom:video-decoder-webm-vp8: 9c59270c3fd7afecdb556c50c9e8de78 -> 
  custom:graphics/normal-map-encoding: 01000000000000000000000000000000 -> 02000000000000000000000000000000
  custom:audio-decoder-ogg-vorbis: bf7c407c2cedff20999df2af8eb42d56 -> 
  custom:audio-encoder-webm-vorbis: bf7c407c2cedff20999df2af8eb42d56 -> 
========================================================================
Received Prepare
Refreshing native plugins compatible for Editor in 4.19 ms, found 3 plugins.
Preloading 0 native plugins for Editor in 0.00 ms.
Unloading 24 Unused Serialized files (Serialized files now loaded: 0)
System memory in use before: 42.5 MB.
System memory in use after: 42.7 MB.

Unloading 24 unused Assets to reduce memory usage. Loaded Objects now: 2297.
Total: 3.258500 ms (FindLiveObjects: 0.257100 ms CreateObjectMapping: 0.052000 ms MarkObjects: 2.926800 ms  DeleteObjects: 0.021200 ms)

AssetImportParameters requested are different than current active one (requested -> active):
  custom:framework-win-MediaFoundation: 216162199b28c13a410421893ffa2e32 -> 
  custom:video-decoder-ogg-theora: a1e56fd34408186e4bbccfd4996cb3dc -> 
  custom:container-muxer-webm: aa71ff27fc2769a1b78a27578f13a17b -> 
  custom:container-demuxer-webm: 4f35f7cbe854078d1ac9338744f61a02 -> 
  custom:container-demuxer-ogg: 62fdf1f143b41e24485cea50d1cbac27 -> 
  custom:video-encoder-webm-vp8: eb34c28f22e8b96e1ab97ce403110664 -> 
  custom:video-decoder-webm-vp8: 9c59270c3fd7afecdb556c50c9e8de78 -> 
  custom:audio-decoder-ogg-vorbis: bf7c407c2cedff20999df2af8eb42d56 -> 
  custom:audio-encoder-webm-vorbis: bf7c407c2cedff20999df2af8eb42d56 -> 
========================================================================
Received Prepare
Refreshing native plugins compatible for Editor in 3.80 ms, found 3 plugins.
Preloading 0 native plugins for Editor in 0.00 ms.
Unloading 24 Unused Serialized files (Serialized files now loaded: 0)
System memory in use before: 42.5 MB.
System memory in use after: 42.7 MB.

Unloading 24 unused Assets to reduce memory usage. Loaded Objects now: 2297.
Total: 3.154600 ms (FindLiveObjects: 0.217300 ms CreateObjectMapping: 0.050100 ms MarkObjects: 2.871100 ms  DeleteObjects: 0.015300 ms)

AssetImportParameters requested are different than current active one (requested -> active):
  custom:framework-win-MediaFoundation: 216162199b28c13a410421893ffa2e32 -> 
  custom:video-decoder-ogg-theora: a1e56fd34408186e4bbccfd4996cb3dc -> 
  custom:container-muxer-webm: aa71ff27fc2769a1b78a27578f13a17b -> 
  custom:container-demuxer-webm: 4f35f7cbe854078d1ac9338744f61a02 -> 
  custom:container-demuxer-ogg: 62fdf1f143b41e24485cea50d1cbac27 -> 
  custom:video-encoder-webm-vp8: eb34c28f22e8b96e1ab97ce403110664 -> 
  custom:video-decoder-webm-vp8: 9c59270c3fd7afecdb556c50c9e8de78 -> 
  custom:audio-decoder-ogg-vorbis: bf7c407c2cedff20999df2af8eb42d56 -> 
  custom:audio-encoder-webm-vorbis: bf7c407c2cedff20999df2af8eb42d56 -> 
========================================================================
Received Prepare
Refreshing native plugins compatible for Editor in 1438.90 ms, found 3 plugins.
Preloading 0 native plugins for Editor in 0.00 ms.
Unloading 24 Unused Serialized files (Serialized files now loaded: 0)
System memory in use before: 42.5 MB.
System memory in use after: 42.7 MB.

Unloading 24 unused Assets to reduce memory usage. Loaded Objects now: 2297.
Total: 37.379500 ms (FindLiveObjects: 0.461800 ms CreateObjectMapping: 0.053700 ms MarkObjects: 36.798600 ms  DeleteObjects: 0.062200 ms)

AssetImportParameters requested are different than current active one (requested -> active):
  custom:framework-win-MediaFoundation: 216162199b28c13a410421893ffa2e32 -> 
  custom:video-decoder-ogg-theora: a1e56fd34408186e4bbccfd4996cb3dc -> 
  custom:container-muxer-webm: aa71ff27fc2769a1b78a27578f13a17b -> 
  custom:container-demuxer-webm: 4f35f7cbe854078d1ac9338744f61a02 -> 
  custom:container-demuxer-ogg: 62fdf1f143b41e24485cea50d1cbac27 -> 
  custom:video-encoder-webm-vp8: eb34c28f22e8b96e1ab97ce403110664 -> 
  custom:video-decoder-webm-vp8: 9c59270c3fd7afecdb556c50c9e8de78 -> 
  custom:audio-decoder-ogg-vorbis: bf7c407c2cedff20999df2af8eb42d56 -> 
  custom:audio-encoder-webm-vorbis: bf7c407c2cedff20999df2af8eb42d56 -> 
========================================================================
Received Import Request.
  Time since last request: 2181.572481 seconds.
  path: Assets/Script/ReCm.cs
  artifactKey: Guid(59c7991ad567a244f9ac0b007a67aa10) Importer(815301076,1909f56bfc062723c751e8b465ee728b)
Start importing Assets/Script/ReCm.cs using Guid(59c7991ad567a244f9ac0b007a67aa10) Importer(815301076,1909f56bfc062723c751e8b465ee728b)  -> (artifact id: '06816159a96867ab8b87624470788b88') in 0.227480 seconds 
  Import took 0.276168 seconds .

========================================================================
Received Prepare
Registering precompiled user dll's ...
Registered in 0.180744 seconds.
Begin MonoManager ReloadAssembly
Native extension for WindowsStandalone target not found
Refreshing native plugins compatible for Editor in 2.24 ms, found 3 plugins.
Preloading 0 native plugins for Editor in 0.00 ms.
Mono: successfully reloaded assembly
- Completed reload, in  2.075 seconds
Domain Reload Profiling:
	ReloadAssembly (2083ms)
		BeginReloadAssembly (527ms)
			ExecutionOrderSort (0ms)
			DisableScriptedObjects (53ms)
			BackupInstance (0ms)
			ReleaseScriptingObjects (0ms)
			CreateAndSetChildDomain (337ms)
		EndReloadAssembly (1462ms)
			LoadAssemblies (154ms)
			RebuildTransferFunctionScriptingTraits (0ms)
			SetupTypeCache (534ms)
			ReleaseScriptCaches (2ms)
			RebuildScriptCaches (50ms)
			SetupLoadedEditorAssemblies (448ms)
				LogAssemblyErrors (0ms)
				InitializePlatformSupportModulesInManaged (6ms)
				SetLoadedEditorAssemblies (1ms)
				RefreshPlugins (2ms)
				BeforeProcessingInitializeOnLoad (143ms)
				ProcessInitializeOnLoadAttributes (278ms)
				ProcessInitializeOnLoadMethodAttributes (14ms)
				AfterProcessingInitializeOnLoad (5ms)
				EditorAssembliesLoaded (0ms)
			ExecutionOrderSort2 (0ms)
			AwakeInstancesAfterBackupRestoration (9ms)
Platform modules already initialized, skipping
Switching build target platform(19) subTarget(0) extendedPlatform(0) -> platform(13) subTarget(524288) extendedPlatform(0)
Refreshing native plugins compatible for Editor in 0.59 ms, found 3 plugins.
Preloading 0 native plugins for Editor in 0.00 ms.
Unloading 1863 Unused Serialized files (Serialized files now loaded: 0)
System memory in use before: 79.1 MB.
System memory in use after: 79.2 MB.

Unloading 27 unused Assets to reduce memory usage. Loaded Objects now: 2300.
Total: 3.537200 ms (FindLiveObjects: 0.264600 ms CreateObjectMapping: 0.054100 ms MarkObjects: 3.188900 ms  DeleteObjects: 0.027800 ms)

AssetImportParameters requested are different than current active one (requested -> active):
  custom:framework-win-MediaFoundation: 216162199b28c13a410421893ffa2e32 -> 
  custom:video-decoder-ogg-theora: a1e56fd34408186e4bbccfd4996cb3dc -> 
  custom:container-muxer-webm: aa71ff27fc2769a1b78a27578f13a17b -> 
  custom:container-demuxer-webm: 4f35f7cbe854078d1ac9338744f61a02 -> 
  custom:container-demuxer-ogg: 62fdf1f143b41e24485cea50d1cbac27 -> 
  custom:video-encoder-webm-vp8: eb34c28f22e8b96e1ab97ce403110664 -> 
  custom:video-decoder-webm-vp8: 9c59270c3fd7afecdb556c50c9e8de78 -> 
  custom:graphics/normal-map-encoding: 01000000000000000000000000000000 -> 02000000000000000000000000000000
  custom:audio-decoder-ogg-vorbis: bf7c407c2cedff20999df2af8eb42d56 -> 
  custom:audio-encoder-webm-vorbis: bf7c407c2cedff20999df2af8eb42d56 -> 
========================================================================
Received Prepare
Registering precompiled user dll's ...
Registered in 0.002954 seconds.
Begin MonoManager ReloadAssembly
Native extension for WindowsStandalone target not found
Refreshing native plugins compatible for Editor in 0.58 ms, found 3 plugins.
Preloading 0 native plugins for Editor in 0.00 ms.
Mono: successfully reloaded assembly
- Completed reload, in  0.852 seconds
Domain Reload Profiling:
	ReloadAssembly (852ms)
		BeginReloadAssembly (94ms)
			ExecutionOrderSort (0ms)
			DisableScriptedObjects (4ms)
			BackupInstance (0ms)
			ReleaseScriptingObjects (0ms)
			CreateAndSetChildDomain (32ms)
		EndReloadAssembly (704ms)
			LoadAssemblies (73ms)
			RebuildTransferFunctionScriptingTraits (0ms)
			SetupTypeCache (244ms)
			ReleaseScriptCaches (1ms)
			RebuildScriptCaches (34ms)
			SetupLoadedEditorAssemblies (255ms)
				LogAssemblyErrors (0ms)
				InitializePlatformSupportModulesInManaged (4ms)
				SetLoadedEditorAssemblies (0ms)
				RefreshPlugins (1ms)
				BeforeProcessingInitializeOnLoad (66ms)
				ProcessInitializeOnLoadAttributes (173ms)
				ProcessInitializeOnLoadMethodAttributes (8ms)
				AfterProcessingInitializeOnLoad (4ms)
				EditorAssembliesLoaded (0ms)
			ExecutionOrderSort2 (0ms)
			AwakeInstancesAfterBackupRestoration (6ms)
Platform modules already initialized, skipping
Switching build target platform(19) subTarget(0) extendedPlatform(0) -> platform(13) subTarget(524288) extendedPlatform(0)
Refreshing native plugins compatible for Editor in 0.75 ms, found 3 plugins.
Preloading 0 native plugins for Editor in 0.00 ms.
Unloading 1863 Unused Serialized files (Serialized files now loaded: 0)
System memory in use before: 79.1 MB.
System memory in use after: 79.2 MB.

Unloading 27 unused Assets to reduce memory usage. Loaded Objects now: 2303.
Total: 2.996400 ms (FindLiveObjects: 0.232100 ms CreateObjectMapping: 0.052600 ms MarkObjects: 2.688600 ms  DeleteObjects: 0.021800 ms)

AssetImportParameters requested are different than current active one (requested -> active):
  custom:framework-win-MediaFoundation: 216162199b28c13a410421893ffa2e32 -> 
  custom:video-decoder-ogg-theora: a1e56fd34408186e4bbccfd4996cb3dc -> 
  custom:container-muxer-webm: aa71ff27fc2769a1b78a27578f13a17b -> 
  custom:container-demuxer-webm: 4f35f7cbe854078d1ac9338744f61a02 -> 
  custom:container-demuxer-ogg: 62fdf1f143b41e24485cea50d1cbac27 -> 
  custom:video-encoder-webm-vp8: eb34c28f22e8b96e1ab97ce403110664 -> 
  custom:video-decoder-webm-vp8: 9c59270c3fd7afecdb556c50c9e8de78 -> 
  custom:graphics/normal-map-encoding: 01000000000000000000000000000000 -> 02000000000000000000000000000000
  custom:audio-decoder-ogg-vorbis: bf7c407c2cedff20999df2af8eb42d56 -> 
  custom:audio-encoder-webm-vorbis: bf7c407c2cedff20999df2af8eb42d56 -> 
========================================================================
Received Prepare
Refreshing native plugins compatible for Editor in 827.38 ms, found 3 plugins.
Preloading 0 native plugins for Editor in 0.00 ms.
Unloading 24 Unused Serialized files (Serialized files now loaded: 0)
System memory in use before: 42.6 MB.
System memory in use after: 42.7 MB.

Unloading 24 unused Assets to reduce memory usage. Loaded Objects now: 2303.
Total: 4.212500 ms (FindLiveObjects: 0.300900 ms CreateObjectMapping: 0.054100 ms MarkObjects: 3.831400 ms  DeleteObjects: 0.023600 ms)

AssetImportParameters requested are different than current active one (requested -> active):
  custom:framework-win-MediaFoundation: 216162199b28c13a410421893ffa2e32 -> 
  custom:video-decoder-ogg-theora: a1e56fd34408186e4bbccfd4996cb3dc -> 
  custom:container-muxer-webm: aa71ff27fc2769a1b78a27578f13a17b -> 
  custom:container-demuxer-webm: 4f35f7cbe854078d1ac9338744f61a02 -> 
  custom:container-demuxer-ogg: 62fdf1f143b41e24485cea50d1cbac27 -> 
  custom:video-encoder-webm-vp8: eb34c28f22e8b96e1ab97ce403110664 -> 
  custom:video-decoder-webm-vp8: 9c59270c3fd7afecdb556c50c9e8de78 -> 
  custom:audio-decoder-ogg-vorbis: bf7c407c2cedff20999df2af8eb42d56 -> 
  custom:audio-encoder-webm-vorbis: bf7c407c2cedff20999df2af8eb42d56 -> 
========================================================================
Received Prepare
Registering precompiled user dll's ...
Registered in 0.214701 seconds.
Begin MonoManager ReloadAssembly
Native extension for WindowsStandalone target not found
Refreshing native plugins compatible for Editor in 0.62 ms, found 3 plugins.
Preloading 0 native plugins for Editor in 0.00 ms.
Mono: successfully reloaded assembly
- Completed reload, in  1.038 seconds
Domain Reload Profiling:
	ReloadAssembly (1040ms)
		BeginReloadAssembly (179ms)
			ExecutionOrderSort (0ms)
			DisableScriptedObjects (13ms)
			BackupInstance (0ms)
			ReleaseScriptingObjects (0ms)
			CreateAndSetChildDomain (80ms)
		EndReloadAssembly (801ms)
			LoadAssemblies (89ms)
			RebuildTransferFunctionScriptingTraits (0ms)
			SetupTypeCache (263ms)
			ReleaseScriptCaches (2ms)
			RebuildScriptCaches (36ms)
			SetupLoadedEditorAssemblies (268ms)
				LogAssemblyErrors (0ms)
				InitializePlatformSupportModulesInManaged (4ms)
				SetLoadedEditorAssemblies (0ms)
				RefreshPlugins (1ms)
				BeforeProcessingInitializeOnLoad (70ms)
				ProcessInitializeOnLoadAttributes (182ms)
				ProcessInitializeOnLoadMethodAttributes (8ms)
				AfterProcessingInitializeOnLoad (4ms)
				EditorAssembliesLoaded (0ms)
			ExecutionOrderSort2 (0ms)
			AwakeInstancesAfterBackupRestoration (5ms)
Platform modules already initialized, skipping
Switching build target platform(19) subTarget(0) extendedPlatform(0) -> platform(13) subTarget(524288) extendedPlatform(0)
Refreshing native plugins compatible for Editor in 0.59 ms, found 3 plugins.
Preloading 0 native plugins for Editor in 0.00 ms.
Unloading 1863 Unused Serialized files (Serialized files now loaded: 0)
System memory in use before: 79.1 MB.
System memory in use after: 79.2 MB.

Unloading 27 unused Assets to reduce memory usage. Loaded Objects now: 2306.
Total: 3.666000 ms (FindLiveObjects: 0.329000 ms CreateObjectMapping: 0.053900 ms MarkObjects: 3.250800 ms  DeleteObjects: 0.029600 ms)

AssetImportParameters requested are different than current active one (requested -> active):
  custom:framework-win-MediaFoundation: 216162199b28c13a410421893ffa2e32 -> 
  custom:video-decoder-ogg-theora: a1e56fd34408186e4bbccfd4996cb3dc -> 
  custom:container-muxer-webm: aa71ff27fc2769a1b78a27578f13a17b -> 
  custom:container-demuxer-webm: 4f35f7cbe854078d1ac9338744f61a02 -> 
  custom:container-demuxer-ogg: 62fdf1f143b41e24485cea50d1cbac27 -> 
  custom:video-encoder-webm-vp8: eb34c28f22e8b96e1ab97ce403110664 -> 
  custom:video-decoder-webm-vp8: 9c59270c3fd7afecdb556c50c9e8de78 -> 
  custom:graphics/normal-map-encoding: 01000000000000000000000000000000 -> 02000000000000000000000000000000
  custom:audio-decoder-ogg-vorbis: bf7c407c2cedff20999df2af8eb42d56 -> 
  custom:audio-encoder-webm-vorbis: bf7c407c2cedff20999df2af8eb42d56 -> 
========================================================================
Received Prepare
Refreshing native plugins compatible for Editor in 4.58 ms, found 3 plugins.
Preloading 0 native plugins for Editor in 0.00 ms.
Unloading 24 Unused Serialized files (Serialized files now loaded: 0)
System memory in use before: 42.6 MB.
System memory in use after: 42.7 MB.

Unloading 24 unused Assets to reduce memory usage. Loaded Objects now: 2306.
Total: 3.014800 ms (FindLiveObjects: 0.216300 ms CreateObjectMapping: 0.050400 ms MarkObjects: 2.730500 ms  DeleteObjects: 0.016600 ms)

AssetImportParameters requested are different than current active one (requested -> active):
  custom:framework-win-MediaFoundation: 216162199b28c13a410421893ffa2e32 -> 
  custom:video-decoder-ogg-theora: a1e56fd34408186e4bbccfd4996cb3dc -> 
  custom:container-muxer-webm: aa71ff27fc2769a1b78a27578f13a17b -> 
  custom:container-demuxer-webm: 4f35f7cbe854078d1ac9338744f61a02 -> 
  custom:container-demuxer-ogg: 62fdf1f143b41e24485cea50d1cbac27 -> 
  custom:video-encoder-webm-vp8: eb34c28f22e8b96e1ab97ce403110664 -> 
  custom:video-decoder-webm-vp8: 9c59270c3fd7afecdb556c50c9e8de78 -> 
  custom:audio-decoder-ogg-vorbis: bf7c407c2cedff20999df2af8eb42d56 -> 
  custom:audio-encoder-webm-vorbis: bf7c407c2cedff20999df2af8eb42d56 -> 
========================================================================
Received Prepare
Registering precompiled user dll's ...
Registered in 0.130442 seconds.
Begin MonoManager ReloadAssembly
Native extension for WindowsStandalone target not found
Refreshing native plugins compatible for Editor in 0.77 ms, found 3 plugins.
Preloading 0 native plugins for Editor in 0.00 ms.
Mono: successfully reloaded assembly
- Completed reload, in  0.924 seconds
Domain Reload Profiling:
	ReloadAssembly (927ms)
		BeginReloadAssembly (103ms)
			ExecutionOrderSort (0ms)
			DisableScriptedObjects (4ms)
			BackupInstance (0ms)
			ReleaseScriptingObjects (0ms)
			CreateAndSetChildDomain (32ms)
		EndReloadAssembly (767ms)
			LoadAssemblies (74ms)
			RebuildTransferFunctionScriptingTraits (0ms)
			SetupTypeCache (249ms)
			ReleaseScriptCaches (1ms)
			RebuildScriptCaches (36ms)
			SetupLoadedEditorAssemblies (265ms)
				LogAssemblyErrors (0ms)
				InitializePlatformSupportModulesInManaged (4ms)
				SetLoadedEditorAssemblies (0ms)
				RefreshPlugins (1ms)
				BeforeProcessingInitializeOnLoad (72ms)
				ProcessInitializeOnLoadAttributes (177ms)
				ProcessInitializeOnLoadMethodAttributes (7ms)
				AfterProcessingInitializeOnLoad (4ms)
				EditorAssembliesLoaded (0ms)
			ExecutionOrderSort2 (0ms)
			AwakeInstancesAfterBackupRestoration (6ms)
Platform modules already initialized, skipping
Switching build target platform(19) subTarget(0) extendedPlatform(0) -> platform(13) subTarget(524288) extendedPlatform(0)
Refreshing native plugins compatible for Editor in 0.58 ms, found 3 plugins.
Preloading 0 native plugins for Editor in 0.00 ms.
Unloading 1863 Unused Serialized files (Serialized files now loaded: 0)
System memory in use before: 79.1 MB.
System memory in use after: 79.3 MB.

Unloading 27 unused Assets to reduce memory usage. Loaded Objects now: 2309.
Total: 2.977800 ms (FindLiveObjects: 0.238900 ms CreateObjectMapping: 0.052500 ms MarkObjects: 2.651600 ms  DeleteObjects: 0.032700 ms)

AssetImportParameters requested are different than current active one (requested -> active):
  custom:framework-win-MediaFoundation: 216162199b28c13a410421893ffa2e32 -> 
  custom:video-decoder-ogg-theora: a1e56fd34408186e4bbccfd4996cb3dc -> 
  custom:container-muxer-webm: aa71ff27fc2769a1b78a27578f13a17b -> 
  custom:container-demuxer-webm: 4f35f7cbe854078d1ac9338744f61a02 -> 
  custom:container-demuxer-ogg: 62fdf1f143b41e24485cea50d1cbac27 -> 
  custom:video-encoder-webm-vp8: eb34c28f22e8b96e1ab97ce403110664 -> 
  custom:video-decoder-webm-vp8: 9c59270c3fd7afecdb556c50c9e8de78 -> 
  custom:graphics/normal-map-encoding: 01000000000000000000000000000000 -> 02000000000000000000000000000000
  custom:audio-decoder-ogg-vorbis: bf7c407c2cedff20999df2af8eb42d56 -> 
  custom:audio-encoder-webm-vorbis: bf7c407c2cedff20999df2af8eb42d56 -> 
========================================================================
Received Import Request.
  Time since last request: 1044.622490 seconds.
  path: Assets/Script/ReCm.cs
  artifactKey: Guid(59c7991ad567a244f9ac0b007a67aa10) Importer(815301076,1909f56bfc062723c751e8b465ee728b)
Start importing Assets/Script/ReCm.cs using Guid(59c7991ad567a244f9ac0b007a67aa10) Importer(815301076,1909f56bfc062723c751e8b465ee728b)  -> (artifact id: '00e73e59516df4e65a3ca34fa69f2960') in 0.095105 seconds 
  Import took 0.141704 seconds .

========================================================================
Received Prepare
Registering precompiled user dll's ...
Registered in 0.003036 seconds.
Begin MonoManager ReloadAssembly
Native extension for WindowsStandalone target not found
Refreshing native plugins compatible for Editor in 0.69 ms, found 3 plugins.
Preloading 0 native plugins for Editor in 0.00 ms.
Mono: successfully reloaded assembly
- Completed reload, in  0.882 seconds
Domain Reload Profiling:
	ReloadAssembly (883ms)
		BeginReloadAssembly (91ms)
			ExecutionOrderSort (0ms)
			DisableScriptedObjects (4ms)
			BackupInstance (0ms)
			ReleaseScriptingObjects (0ms)
			CreateAndSetChildDomain (31ms)
		EndReloadAssembly (736ms)
			LoadAssemblies (73ms)
			RebuildTransferFunctionScriptingTraits (0ms)
			SetupTypeCache (259ms)
			ReleaseScriptCaches (1ms)
			RebuildScriptCaches (36ms)
			SetupLoadedEditorAssemblies (255ms)
				LogAssemblyErrors (0ms)
				InitializePlatformSupportModulesInManaged (4ms)
				SetLoadedEditorAssemblies (0ms)
				RefreshPlugins (1ms)
				BeforeProcessingInitializeOnLoad (66ms)
				ProcessInitializeOnLoadAttributes (172ms)
				ProcessInitializeOnLoadMethodAttributes (8ms)
				AfterProcessingInitializeOnLoad (4ms)
				EditorAssembliesLoaded (0ms)
			ExecutionOrderSort2 (0ms)
			AwakeInstancesAfterBackupRestoration (5ms)
Platform modules already initialized, skipping
Switching build target platform(19) subTarget(0) extendedPlatform(0) -> platform(13) subTarget(524288) extendedPlatform(0)
Refreshing native plugins compatible for Editor in 0.62 ms, found 3 plugins.
Preloading 0 native plugins for Editor in 0.00 ms.
Unloading 1863 Unused Serialized files (Serialized files now loaded: 0)
System memory in use before: 79.2 MB.
System memory in use after: 79.3 MB.

Unloading 27 unused Assets to reduce memory usage. Loaded Objects now: 2312.
Total: 3.308700 ms (FindLiveObjects: 0.218800 ms CreateObjectMapping: 0.072300 ms MarkObjects: 2.993600 ms  DeleteObjects: 0.022600 ms)

AssetImportParameters requested are different than current active one (requested -> active):
  custom:framework-win-MediaFoundation: 216162199b28c13a410421893ffa2e32 -> 
  custom:video-decoder-ogg-theora: a1e56fd34408186e4bbccfd4996cb3dc -> 
  custom:container-muxer-webm: aa71ff27fc2769a1b78a27578f13a17b -> 
  custom:container-demuxer-webm: 4f35f7cbe854078d1ac9338744f61a02 -> 
  custom:container-demuxer-ogg: 62fdf1f143b41e24485cea50d1cbac27 -> 
  custom:video-encoder-webm-vp8: eb34c28f22e8b96e1ab97ce403110664 -> 
  custom:video-decoder-webm-vp8: 9c59270c3fd7afecdb556c50c9e8de78 -> 
  custom:graphics/normal-map-encoding: 01000000000000000000000000000000 -> 02000000000000000000000000000000
  custom:audio-decoder-ogg-vorbis: bf7c407c2cedff20999df2af8eb42d56 -> 
  custom:audio-encoder-webm-vorbis: bf7c407c2cedff20999df2af8eb42d56 -> 
========================================================================
Received Prepare
Refreshing native plugins compatible for Editor in 4.42 ms, found 3 plugins.
Preloading 0 native plugins for Editor in 0.00 ms.
Unloading 24 Unused Serialized files (Serialized files now loaded: 0)
System memory in use before: 42.6 MB.
System memory in use after: 42.8 MB.

Unloading 24 unused Assets to reduce memory usage. Loaded Objects now: 2312.
Total: 3.106500 ms (FindLiveObjects: 0.226500 ms CreateObjectMapping: 0.051000 ms MarkObjects: 2.810400 ms  DeleteObjects: 0.017800 ms)

AssetImportParameters requested are different than current active one (requested -> active):
  custom:framework-win-MediaFoundation: 216162199b28c13a410421893ffa2e32 -> 
  custom:video-decoder-ogg-theora: a1e56fd34408186e4bbccfd4996cb3dc -> 
  custom:container-muxer-webm: aa71ff27fc2769a1b78a27578f13a17b -> 
  custom:container-demuxer-webm: 4f35f7cbe854078d1ac9338744f61a02 -> 
  custom:container-demuxer-ogg: 62fdf1f143b41e24485cea50d1cbac27 -> 
  custom:video-encoder-webm-vp8: eb34c28f22e8b96e1ab97ce403110664 -> 
  custom:video-decoder-webm-vp8: 9c59270c3fd7afecdb556c50c9e8de78 -> 
  custom:audio-decoder-ogg-vorbis: bf7c407c2cedff20999df2af8eb42d56 -> 
  custom:audio-encoder-webm-vorbis: bf7c407c2cedff20999df2af8eb42d56 -> 
========================================================================
Received Import Request.
  Time since last request: 1268.043559 seconds.
  path: Assets/Texture/grey.png
  artifactKey: Guid(fab0a7c5b31a6684a9f049b4a25701cf) Importer(815301076,1909f56bfc062723c751e8b465ee728b)
Start importing Assets/Texture/grey.png using Guid(fab0a7c5b31a6684a9f049b4a25701cf) Importer(815301076,1909f56bfc062723c751e8b465ee728b)  -> (artifact id: '80e6e21024decf7a810993cdd30ffd04') in 1.822403 seconds 
  Import took 1.944745 seconds .

========================================================================
Received Import Request.
  Time since last request: 9.355943 seconds.
  path: Assets/Texture/grey.png
  artifactKey: Guid(fab0a7c5b31a6684a9f049b4a25701cf) Importer(815301076,1909f56bfc062723c751e8b465ee728b)
Start importing Assets/Texture/grey.png using Guid(fab0a7c5b31a6684a9f049b4a25701cf) Importer(815301076,1909f56bfc062723c751e8b465ee728b)  -> (artifact id: 'b0f12107e5021508929b371656b39737') in 0.088308 seconds 
  Import took 0.142392 seconds .

========================================================================
Received Import Request.
  Time since last request: 21.790027 seconds.
  path: Assets/Material/grey.mat
  artifactKey: Guid(73ca3a5fa56c37a4bbd76c57893258d2) Importer(815301076,1909f56bfc062723c751e8b465ee728b)
Start importing Assets/Material/grey.mat using Guid(73ca3a5fa56c37a4bbd76c57893258d2) Importer(815301076,1909f56bfc062723c751e8b465ee728b)  -> (artifact id: '86980faed33d2ed6cc8fd40e309d7677') in 0.953929 seconds 
  Import took 0.977072 seconds .

========================================================================
Received Import Request.
  Time since last request: 60.073236 seconds.
  path: Assets/Script/FaceSwap.cs
  artifactKey: Guid(852f860d75ae0b342b83b107db63fb09) Importer(815301076,1909f56bfc062723c751e8b465ee728b)
Start importing Assets/Script/FaceSwap.cs using Guid(852f860d75ae0b342b83b107db63fb09) Importer(815301076,1909f56bfc062723c751e8b465ee728b)  -> (artifact id: '245ceaa853fc27044973be09de2fa500') in 0.061895 seconds 
  Import took 0.088848 seconds .

========================================================================
Received Prepare
Registering precompiled user dll's ...
Registered in 0.241914 seconds.
Begin MonoManager ReloadAssembly
Native extension for WindowsStandalone target not found
Refreshing native plugins compatible for Editor in 0.62 ms, found 3 plugins.
Preloading 0 native plugins for Editor in 0.00 ms.
Mono: successfully reloaded assembly
- Completed reload, in  1.275 seconds
Domain Reload Profiling:
	ReloadAssembly (1276ms)
		BeginReloadAssembly (299ms)
			ExecutionOrderSort (0ms)
			DisableScriptedObjects (12ms)
			BackupInstance (0ms)
			ReleaseScriptingObjects (0ms)
			CreateAndSetChildDomain (204ms)
		EndReloadAssembly (911ms)
			LoadAssemblies (107ms)
			RebuildTransferFunctionScriptingTraits (0ms)
			SetupTypeCache (341ms)
			ReleaseScriptCaches (1ms)
			RebuildScriptCaches (39ms)
			SetupLoadedEditorAssemblies (268ms)
				LogAssemblyErrors (0ms)
				InitializePlatformSupportModulesInManaged (4ms)
				SetLoadedEditorAssemblies (1ms)
				RefreshPlugins (1ms)
				BeforeProcessingInitializeOnLoad (69ms)
				ProcessInitializeOnLoadAttributes (181ms)
				ProcessInitializeOnLoadMethodAttributes (9ms)
				AfterProcessingInitializeOnLoad (4ms)
				EditorAssembliesLoaded (0ms)
			ExecutionOrderSort2 (0ms)
			AwakeInstancesAfterBackupRestoration (7ms)
Platform modules already initialized, skipping
Switching build target platform(19) subTarget(0) extendedPlatform(0) -> platform(13) subTarget(524288) extendedPlatform(0)
Refreshing native plugins compatible for Editor in 0.60 ms, found 3 plugins.
Preloading 0 native plugins for Editor in 0.00 ms.
Unloading 1863 Unused Serialized files (Serialized files now loaded: 0)
System memory in use before: 82.5 MB.
System memory in use after: 82.6 MB.

Unloading 28 unused Assets to reduce memory usage. Loaded Objects now: 2355.
Total: 3.679400 ms (FindLiveObjects: 0.285900 ms CreateObjectMapping: 0.056300 ms MarkObjects: 3.227900 ms  DeleteObjects: 0.107700 ms)

AssetImportParameters requested are different than current active one (requested -> active):
  custom:framework-win-MediaFoundation: 216162199b28c13a410421893ffa2e32 -> 
  custom:video-decoder-ogg-theora: a1e56fd34408186e4bbccfd4996cb3dc -> 
  custom:container-muxer-webm: aa71ff27fc2769a1b78a27578f13a17b -> 
  custom:container-demuxer-webm: 4f35f7cbe854078d1ac9338744f61a02 -> 
  custom:container-demuxer-ogg: 62fdf1f143b41e24485cea50d1cbac27 -> 
  custom:video-encoder-webm-vp8: eb34c28f22e8b96e1ab97ce403110664 -> 
  custom:video-decoder-webm-vp8: 9c59270c3fd7afecdb556c50c9e8de78 -> 
  custom:graphics/normal-map-encoding: 01000000000000000000000000000000 -> 02000000000000000000000000000000
  custom:audio-decoder-ogg-vorbis: bf7c407c2cedff20999df2af8eb42d56 -> 
  custom:audio-encoder-webm-vorbis: bf7c407c2cedff20999df2af8eb42d56 -> 
========================================================================
Received Import Request.
  Time since last request: 72.902330 seconds.
  path: Assets/Prefab/facy.prefab
  artifactKey: Guid(cc68630d3612bcf4a8e8837d41ef9e49) Importer(815301076,1909f56bfc062723c751e8b465ee728b)
Start importing Assets/Prefab/facy.prefab using Guid(cc68630d3612bcf4a8e8837d41ef9e49) Importer(815301076,1909f56bfc062723c751e8b465ee728b)  -> (artifact id: '3b01ee7955d0ab6f154226ea0022f9cb') in 0.094935 seconds 
  Import took 0.108164 seconds .

========================================================================
Received Prepare
Refreshing native plugins compatible for Editor in 987.05 ms, found 3 plugins.
Preloading 0 native plugins for Editor in 0.00 ms.
Unloading 25 Unused Serialized files (Serialized files now loaded: 0)
System memory in use before: 46.3 MB.
System memory in use after: 46.4 MB.

Unloading 24 unused Assets to reduce memory usage. Loaded Objects now: 2356.
Total: 4.970300 ms (FindLiveObjects: 0.398600 ms CreateObjectMapping: 0.092500 ms MarkObjects: 4.448900 ms  DeleteObjects: 0.028900 ms)

AssetImportParameters requested are different than current active one (requested -> active):
  custom:framework-win-MediaFoundation: 216162199b28c13a410421893ffa2e32 -> 
  custom:video-decoder-ogg-theora: a1e56fd34408186e4bbccfd4996cb3dc -> 
  custom:container-muxer-webm: aa71ff27fc2769a1b78a27578f13a17b -> 
  custom:container-demuxer-webm: 4f35f7cbe854078d1ac9338744f61a02 -> 
  custom:container-demuxer-ogg: 62fdf1f143b41e24485cea50d1cbac27 -> 
  custom:video-encoder-webm-vp8: eb34c28f22e8b96e1ab97ce403110664 -> 
  custom:video-decoder-webm-vp8: 9c59270c3fd7afecdb556c50c9e8de78 -> 
  custom:audio-decoder-ogg-vorbis: bf7c407c2cedff20999df2af8eb42d56 -> 
  custom:audio-encoder-webm-vorbis: bf7c407c2cedff20999df2af8eb42d56 -> 
========================================================================
Received Import Request.
  Time since last request: 59.189568 seconds.
  path: Assets/Material/grey.mat
  artifactKey: Guid(73ca3a5fa56c37a4bbd76c57893258d2) Importer(815301076,1909f56bfc062723c751e8b465ee728b)
Start importing Assets/Material/grey.mat using Guid(73ca3a5fa56c37a4bbd76c57893258d2) Importer(815301076,1909f56bfc062723c751e8b465ee728b)  -> (artifact id: '6f8d4c4a9d0a40e5fa1c2487ff23470d') in 0.219584 seconds 
  Import took 0.306335 seconds .

========================================================================
Received Import Request.
  Time since last request: 322.265245 seconds.
  path: Assets/Texture/grey2.png
  artifactKey: Guid(215b3ec976cf8ca4d867320860760fa1) Importer(815301076,1909f56bfc062723c751e8b465ee728b)
Start importing Assets/Texture/grey2.png using Guid(215b3ec976cf8ca4d867320860760fa1) Importer(815301076,1909f56bfc062723c751e8b465ee728b)  -> (artifact id: '1d4007d1076a2c1c10459d4124a0d2ae') in 0.152182 seconds 
  Import took 0.177513 seconds .

========================================================================
Received Import Request.
  Time since last request: 18.728871 seconds.
  path: Assets/Texture/grey2.png
  artifactKey: Guid(215b3ec976cf8ca4d867320860760fa1) Importer(815301076,1909f56bfc062723c751e8b465ee728b)
Start importing Assets/Texture/grey2.png using Guid(215b3ec976cf8ca4d867320860760fa1) Importer(815301076,1909f56bfc062723c751e8b465ee728b)  -> (artifact id: 'b6c9c388cfe1e24ca3e17d441d560d3a') in 0.035251 seconds 
  Import took 0.062093 seconds .

========================================================================
Received Prepare
Refreshing native plugins compatible for Editor in 1182.70 ms, found 3 plugins.
Preloading 0 native plugins for Editor in 0.00 ms.
Unloading 24 Unused Serialized files (Serialized files now loaded: 0)
System memory in use before: 46.2 MB.
System memory in use after: 46.3 MB.

Unloading 24 unused Assets to reduce memory usage. Loaded Objects now: 2357.
Total: 5.497500 ms (FindLiveObjects: 0.271900 ms CreateObjectMapping: 0.051900 ms MarkObjects: 4.812500 ms  DeleteObjects: 0.359300 ms)

AssetImportParameters requested are different than current active one (requested -> active):
  custom:framework-win-MediaFoundation: 216162199b28c13a410421893ffa2e32 -> 
  custom:video-decoder-ogg-theora: a1e56fd34408186e4bbccfd4996cb3dc -> 
  custom:container-muxer-webm: aa71ff27fc2769a1b78a27578f13a17b -> 
  custom:container-demuxer-webm: 4f35f7cbe854078d1ac9338744f61a02 -> 
  custom:container-demuxer-ogg: 62fdf1f143b41e24485cea50d1cbac27 -> 
  custom:video-encoder-webm-vp8: eb34c28f22e8b96e1ab97ce403110664 -> 
  custom:video-decoder-webm-vp8: 9c59270c3fd7afecdb556c50c9e8de78 -> 
  custom:audio-decoder-ogg-vorbis: bf7c407c2cedff20999df2af8eb42d56 -> 
  custom:audio-encoder-webm-vorbis: bf7c407c2cedff20999df2af8eb42d56 -> 
========================================================================
Received Import Request.
  Time since last request: 95.173339 seconds.
  path: Assets/Material/grey.mat
  artifactKey: Guid(73ca3a5fa56c37a4bbd76c57893258d2) Importer(815301076,1909f56bfc062723c751e8b465ee728b)
Start importing Assets/Material/grey.mat using Guid(73ca3a5fa56c37a4bbd76c57893258d2) Importer(815301076,1909f56bfc062723c751e8b465ee728b)  -> (artifact id: '59cc98b5ae67b4ba9af7016d553d6bff') in 0.141298 seconds 
  Import took 0.231493 seconds .

========================================================================
Received Import Request.
  Time since last request: 853.187305 seconds.
  path: Assets/Texture/greylong.png
  artifactKey: Guid(d69d90b60c468b84797e6e28277abdb2) Importer(815301076,1909f56bfc062723c751e8b465ee728b)
Start importing Assets/Texture/greylong.png using Guid(d69d90b60c468b84797e6e28277abdb2) Importer(815301076,1909f56bfc062723c751e8b465ee728b)  -> (artifact id: 'ab6c854a15a0bbfaf683471ec81fa12a') in 0.112930 seconds 
  Import took 0.132152 seconds .

========================================================================
Received Import Request.
  Time since last request: 0.000252 seconds.
  path: Assets/Texture/greyshort.png
  artifactKey: Guid(5307494a2f6c80a428a89984c0861f30) Importer(815301076,1909f56bfc062723c751e8b465ee728b)
Start importing Assets/Texture/greyshort.png using Guid(5307494a2f6c80a428a89984c0861f30) Importer(815301076,1909f56bfc062723c751e8b465ee728b)  -> (artifact id: '11e9fb248f165e720393b908f3885be4') in 0.087220 seconds 
  Import took 0.100909 seconds .

========================================================================
Received Import Request.
  Time since last request: 0.000250 seconds.
  path: Assets/Texture/shortblack.png
  artifactKey: Guid(9d330a7743f1fab408438819d2606f96) Importer(815301076,1909f56bfc062723c751e8b465ee728b)
Start importing Assets/Texture/shortblack.png using Guid(9d330a7743f1fab408438819d2606f96) Importer(815301076,1909f56bfc062723c751e8b465ee728b)  -> (artifact id: '901186e65ee2968bdd02f40f78ab0a6c') in 0.065869 seconds 
  Import took 0.069252 seconds .

========================================================================
Received Import Request.
  Time since last request: 15.659368 seconds.
  path: Assets/Texture/greylong.png
  artifactKey: Guid(d69d90b60c468b84797e6e28277abdb2) Importer(815301076,1909f56bfc062723c751e8b465ee728b)
Start importing Assets/Texture/greylong.png using Guid(d69d90b60c468b84797e6e28277abdb2) Importer(815301076,1909f56bfc062723c751e8b465ee728b)  -> (artifact id: '758656870fb20d16b40df90a84f0b597') in 0.056577 seconds 
  Import took 0.075539 seconds .

========================================================================
Received Import Request.
  Time since last request: 4.954277 seconds.
  path: Assets/Texture/greyshort.png
  artifactKey: Guid(5307494a2f6c80a428a89984c0861f30) Importer(815301076,1909f56bfc062723c751e8b465ee728b)
Start importing Assets/Texture/greyshort.png using Guid(5307494a2f6c80a428a89984c0861f30) Importer(815301076,1909f56bfc062723c751e8b465ee728b)  -> (artifact id: '395da90da9a101d84b1cfa532b3f5d61') in 0.017908 seconds 
  Import took 0.030336 seconds .

========================================================================
Received Import Request.
  Time since last request: 5.662639 seconds.
  path: Assets/Texture/shortblack.png
  artifactKey: Guid(9d330a7743f1fab408438819d2606f96) Importer(815301076,1909f56bfc062723c751e8b465ee728b)
Start importing Assets/Texture/shortblack.png using Guid(9d330a7743f1fab408438819d2606f96) Importer(815301076,1909f56bfc062723c751e8b465ee728b)  -> (artifact id: '8730ef138ed1ebf1bcfcc810146199b5') in 0.075049 seconds 
  Import took 0.079279 seconds .

========================================================================
Received Import Request.
  Time since last request: 34.230266 seconds.
  path: Assets/Material/blackshort.mat
  artifactKey: Guid(05931e5e69d806343956ee6984d8982b) Importer(815301076,1909f56bfc062723c751e8b465ee728b)
Start importing Assets/Material/blackshort.mat using Guid(05931e5e69d806343956ee6984d8982b) Importer(815301076,1909f56bfc062723c751e8b465ee728b)  -> (artifact id: '921153e1725572e89fce494b5147f70c') in 0.031097 seconds 
  Import took 0.059691 seconds .

========================================================================
Received Import Request.
  Time since last request: 11.854246 seconds.
  path: Assets/Material/greyshort.mat
  artifactKey: Guid(8f3141d296a28fe4a8d45bef35b2f3fa) Importer(815301076,1909f56bfc062723c751e8b465ee728b)
Start importing Assets/Material/greyshort.mat using Guid(8f3141d296a28fe4a8d45bef35b2f3fa) Importer(815301076,1909f56bfc062723c751e8b465ee728b)  -> (artifact id: 'fbba55849ded1cc980ce3f83ecab460d') in 0.011121 seconds 
  Import took 0.027853 seconds .

========================================================================
Received Import Request.
  Time since last request: 12.707453 seconds.
  path: Assets/Material/blacklong.mat
  artifactKey: Guid(531b256747e511f429280f89df74a81b) Importer(815301076,1909f56bfc062723c751e8b465ee728b)
Start importing Assets/Material/blacklong.mat using Guid(531b256747e511f429280f89df74a81b) Importer(815301076,1909f56bfc062723c751e8b465ee728b)  -> (artifact id: '61c623ba48bafbf38faad01262e003cb') in 0.049489 seconds 
  Import took 0.075603 seconds .

========================================================================
Received Prepare
Registering precompiled user dll's ...
Registered in 0.157701 seconds.
Begin MonoManager ReloadAssembly
Native extension for WindowsStandalone target not found
Refreshing native plugins compatible for Editor in 0.59 ms, found 3 plugins.
Preloading 0 native plugins for Editor in 0.00 ms.
Mono: successfully reloaded assembly
- Completed reload, in  1.682 seconds
Domain Reload Profiling:
	ReloadAssembly (1692ms)
		BeginReloadAssembly (558ms)
			ExecutionOrderSort (0ms)
			DisableScriptedObjects (46ms)
			BackupInstance (0ms)
			ReleaseScriptingObjects (0ms)
			CreateAndSetChildDomain (351ms)
		EndReloadAssembly (1046ms)
			LoadAssemblies (155ms)
			RebuildTransferFunctionScriptingTraits (0ms)
			SetupTypeCache (343ms)
			ReleaseScriptCaches (1ms)
			RebuildScriptCaches (38ms)
			SetupLoadedEditorAssemblies (299ms)
				LogAssemblyErrors (0ms)
				InitializePlatformSupportModulesInManaged (6ms)
				SetLoadedEditorAssemblies (1ms)
				RefreshPlugins (1ms)
				BeforeProcessingInitializeOnLoad (81ms)
				ProcessInitializeOnLoadAttributes (199ms)
				ProcessInitializeOnLoadMethodAttributes (8ms)
				AfterProcessingInitializeOnLoad (4ms)
				EditorAssembliesLoaded (0ms)
			ExecutionOrderSort2 (0ms)
			AwakeInstancesAfterBackupRestoration (6ms)
Platform modules already initialized, skipping
Switching build target platform(19) subTarget(0) extendedPlatform(0) -> platform(13) subTarget(524288) extendedPlatform(0)
Refreshing native plugins compatible for Editor in 0.58 ms, found 3 plugins.
Preloading 0 native plugins for Editor in 0.00 ms.
Unloading 1863 Unused Serialized files (Serialized files now loaded: 0)
System memory in use before: 82.5 MB.
System memory in use after: 82.6 MB.

Unloading 27 unused Assets to reduce memory usage. Loaded Objects now: 2360.
Total: 3.173500 ms (FindLiveObjects: 0.296000 ms CreateObjectMapping: 0.053100 ms MarkObjects: 2.801900 ms  DeleteObjects: 0.021200 ms)

AssetImportParameters requested are different than current active one (requested -> active):
  custom:framework-win-MediaFoundation: 216162199b28c13a410421893ffa2e32 -> 
  custom:video-decoder-ogg-theora: a1e56fd34408186e4bbccfd4996cb3dc -> 
  custom:container-muxer-webm: aa71ff27fc2769a1b78a27578f13a17b -> 
  custom:container-demuxer-webm: 4f35f7cbe854078d1ac9338744f61a02 -> 
  custom:container-demuxer-ogg: 62fdf1f143b41e24485cea50d1cbac27 -> 
  custom:video-encoder-webm-vp8: eb34c28f22e8b96e1ab97ce403110664 -> 
  custom:video-decoder-webm-vp8: 9c59270c3fd7afecdb556c50c9e8de78 -> 
  custom:graphics/normal-map-encoding: 01000000000000000000000000000000 -> 02000000000000000000000000000000
  custom:audio-decoder-ogg-vorbis: bf7c407c2cedff20999df2af8eb42d56 -> 
  custom:audio-encoder-webm-vorbis: bf7c407c2cedff20999df2af8eb42d56 -> 
========================================================================
Received Prepare
Refreshing native plugins compatible for Editor in 1016.82 ms, found 3 plugins.
Preloading 0 native plugins for Editor in 0.00 ms.
Unloading 24 Unused Serialized files (Serialized files now loaded: 0)
System memory in use before: 46.0 MB.
System memory in use after: 46.1 MB.

Unloading 24 unused Assets to reduce memory usage. Loaded Objects now: 2360.
Total: 3.255800 ms (FindLiveObjects: 0.249200 ms CreateObjectMapping: 0.051700 ms MarkObjects: 2.936900 ms  DeleteObjects: 0.017100 ms)

AssetImportParameters requested are different than current active one (requested -> active):
  custom:framework-win-MediaFoundation: 216162199b28c13a410421893ffa2e32 -> 
  custom:video-decoder-ogg-theora: a1e56fd34408186e4bbccfd4996cb3dc -> 
  custom:container-muxer-webm: aa71ff27fc2769a1b78a27578f13a17b -> 
  custom:container-demuxer-webm: 4f35f7cbe854078d1ac9338744f61a02 -> 
  custom:container-demuxer-ogg: 62fdf1f143b41e24485cea50d1cbac27 -> 
  custom:video-encoder-webm-vp8: eb34c28f22e8b96e1ab97ce403110664 -> 
  custom:video-decoder-webm-vp8: 9c59270c3fd7afecdb556c50c9e8de78 -> 
  custom:audio-decoder-ogg-vorbis: bf7c407c2cedff20999df2af8eb42d56 -> 
  custom:audio-encoder-webm-vorbis: bf7c407c2cedff20999df2af8eb42d56 -> 
========================================================================
Received Import Request.
  Time since last request: 233.535446 seconds.
  path: Assets/Material/blacklong.mat
  artifactKey: Guid(531b256747e511f429280f89df74a81b) Importer(815301076,1909f56bfc062723c751e8b465ee728b)
Start importing Assets/Material/blacklong.mat using Guid(531b256747e511f429280f89df74a81b) Importer(815301076,1909f56bfc062723c751e8b465ee728b)  -> (artifact id: '9b41cda1501be80b720b696d0742b332') in 0.268405 seconds 
  Import took 0.297105 seconds .

========================================================================
Received Import Request.
  Time since last request: 0.000257 seconds.
  path: Assets/Material/greyshort.mat
  artifactKey: Guid(8f3141d296a28fe4a8d45bef35b2f3fa) Importer(815301076,1909f56bfc062723c751e8b465ee728b)
Start importing Assets/Material/greyshort.mat using Guid(8f3141d296a28fe4a8d45bef35b2f3fa) Importer(815301076,1909f56bfc062723c751e8b465ee728b)  -> (artifact id: '6f205457ce7265c0025692fb406ff0f5') in 0.151045 seconds 
  Import took 0.185761 seconds .

========================================================================
Received Import Request.
  Time since last request: 0.000230 seconds.
  path: Assets/Material/blackshort.mat
  artifactKey: Guid(05931e5e69d806343956ee6984d8982b) Importer(815301076,1909f56bfc062723c751e8b465ee728b)
Start importing Assets/Material/blackshort.mat using Guid(05931e5e69d806343956ee6984d8982b) Importer(815301076,1909f56bfc062723c751e8b465ee728b)  -> (artifact id: '1202f41c6b5fba8a252a5e7a335777d1') in 0.126284 seconds 
  Import took 0.195822 seconds .

========================================================================
Received Prepare
Refreshing native plugins compatible for Editor in 1095.50 ms, found 3 plugins.
Preloading 0 native plugins for Editor in 0.00 ms.
Unloading 24 Unused Serialized files (Serialized files now loaded: 0)
System memory in use before: 46.0 MB.
System memory in use after: 46.2 MB.

Unloading 24 unused Assets to reduce memory usage. Loaded Objects now: 2361.
Total: 32.318700 ms (FindLiveObjects: 0.887200 ms CreateObjectMapping: 0.061600 ms MarkObjects: 31.336100 ms  DeleteObjects: 0.032200 ms)

AssetImportParameters requested are different than current active one (requested -> active):
  custom:framework-win-MediaFoundation: 216162199b28c13a410421893ffa2e32 -> 
  custom:video-decoder-ogg-theora: a1e56fd34408186e4bbccfd4996cb3dc -> 
  custom:container-muxer-webm: aa71ff27fc2769a1b78a27578f13a17b -> 
  custom:container-demuxer-webm: 4f35f7cbe854078d1ac9338744f61a02 -> 
  custom:container-demuxer-ogg: 62fdf1f143b41e24485cea50d1cbac27 -> 
  custom:video-encoder-webm-vp8: eb34c28f22e8b96e1ab97ce403110664 -> 
  custom:video-decoder-webm-vp8: 9c59270c3fd7afecdb556c50c9e8de78 -> 
  custom:audio-decoder-ogg-vorbis: bf7c407c2cedff20999df2af8eb42d56 -> 
  custom:audio-encoder-webm-vorbis: bf7c407c2cedff20999df2af8eb42d56 -> 
========================================================================
Received Prepare
Refreshing native plugins compatible for Editor in 5.23 ms, found 3 plugins.
Preloading 0 native plugins for Editor in 0.00 ms.
Unloading 24 Unused Serialized files (Serialized files now loaded: 0)
System memory in use before: 46.1 MB.
System memory in use after: 46.2 MB.

Unloading 24 unused Assets to reduce memory usage. Loaded Objects now: 2361.
Total: 4.014600 ms (FindLiveObjects: 0.247400 ms CreateObjectMapping: 0.053000 ms MarkObjects: 3.694400 ms  DeleteObjects: 0.018000 ms)

AssetImportParameters requested are different than current active one (requested -> active):
  custom:framework-win-MediaFoundation: 216162199b28c13a410421893ffa2e32 -> 
  custom:video-decoder-ogg-theora: a1e56fd34408186e4bbccfd4996cb3dc -> 
  custom:container-muxer-webm: aa71ff27fc2769a1b78a27578f13a17b -> 
  custom:container-demuxer-webm: 4f35f7cbe854078d1ac9338744f61a02 -> 
  custom:container-demuxer-ogg: 62fdf1f143b41e24485cea50d1cbac27 -> 
  custom:video-encoder-webm-vp8: eb34c28f22e8b96e1ab97ce403110664 -> 
  custom:video-decoder-webm-vp8: 9c59270c3fd7afecdb556c50c9e8de78 -> 
  custom:audio-decoder-ogg-vorbis: bf7c407c2cedff20999df2af8eb42d56 -> 
  custom:audio-encoder-webm-vorbis: bf7c407c2cedff20999df2af8eb42d56 -> 
AssetImportWorkerClient::OnTransportError - code=2 error=End of file
